<?xml version="1.0" encoding="UTF-8"?>
<!-- Generated by org.testng.reporters.JUnitReportReporter -->
<testsuite hostname="Sarojpriya" failures="0" tests="1" name="maven.SpiceJet.Testcase2_Login_Valid_Credential" time="87.295" errors="0" timestamp="2024-06-04T16:10:28 IST" skipped="0">
  <testcase classname="maven.SpiceJet.Testcase2_Login_Valid_Credential" name="Login_valid_credential" time="87.295"/>
  <system-out/>
</testsuite> <!-- maven.SpiceJet.Testcase2_Login_Valid_Credential -->
