<?xml version="1.0" encoding="UTF-8"?>
<!-- Generated by org.testng.reporters.JUnitReportReporter -->
<testsuite hostname="Sarojpriya" failures="0" tests="1" name="maven.SpiceJet.TestCase5_Round_Trip_Flights" time="181.095" errors="0" timestamp="2024-06-03T12:38:33 IST" skipped="0">
  <testcase classname="maven.SpiceJet.TestCase5_Round_Trip_Flights" name="Search_for_One_Way_Flight" time="181.095"/>
  <system-out/>
</testsuite> <!-- maven.SpiceJet.TestCase5_Round_Trip_Flights -->
