<?xml version="1.0" encoding="UTF-8"?>
<!-- Generated by org.testng.reporters.JUnitReportReporter -->
<testsuite hostname="Sarojpriya" failures="0" tests="1" name="maven.SpiceJet.TestCase10_FlightInfo_Baggage_Cancellation_link" time="51.083" errors="0" timestamp="2024-05-26T16:27:46 IST" skipped="0">
  <testcase classname="maven.SpiceJet.TestCase10_FlightInfo_Baggage_Cancellation_link" name="Check_details_link_searchresultpage" time="51.083"/>
  <system-out/>
</testsuite> <!-- maven.SpiceJet.TestCase10_FlightInfo_Baggage_Cancellation_link -->
