<?xml version="1.0" encoding="UTF-8"?>
<!-- Generated by org.testng.reporters.JUnitReportReporter -->
<testsuite hostname="Sarojpriya" failures="0" tests="1" name="maven.SpiceJet.TestCase7_Multi_city_search" time="46.581" errors="0" timestamp="2024-06-23T23:38:05 IST" skipped="0">
  <testcase classname="maven.SpiceJet.TestCase7_Multi_city_search" name="Mulit_city_search" time="46.581"/>
  <system-out/>
</testsuite> <!-- maven.SpiceJet.TestCase7_Multi_city_search -->
