<?xml version="1.0" encoding="UTF-8"?>
<!-- Generated by org.testng.reporters.JUnitReportReporter -->
<testsuite hostname="Sarojpriya" failures="0" tests="1" name="maven.SpiceJet.TestCase8_Select_Add_Ons_Additional_Cost" time="112.944" errors="0" timestamp="2024-05-29T13:32:17 IST" skipped="0">
  <testcase classname="maven.SpiceJet.TestCase8_Select_Add_Ons_Additional_Cost" name="AddOn_Additional_Cost" time="112.944"/>
  <system-out/>
</testsuite> <!-- maven.SpiceJet.TestCase8_Select_Add_Ons_Additional_Cost -->
