<?xml version="1.0" encoding="UTF-8"?>
<!-- Generated by org.testng.reporters.JUnitReportReporter -->
<testsuite hostname="Sarojpriya" failures="0" tests="1" name="maven.SpiceJet.TestCase11_User_Enter_Textfield" time="52.739" errors="0" timestamp="2024-05-26T21:49:11 IST" skipped="0">
  <testcase classname="maven.SpiceJet.TestCase11_User_Enter_Textfield" name="User_able_to_Enter_value_EachFields" time="52.739"/>
  <system-out/>
</testsuite> <!-- maven.SpiceJet.TestCase11_User_Enter_Textfield -->
