<?xml version="1.0" encoding="UTF-8"?>
<!-- Generated by org.testng.reporters.JUnitReportReporter -->
<testsuite hostname="Sarojpriya" failures="0" tests="1" name="maven.SpiceJet.TestCase9_Handle_Multiple_Passenger" time="66.449" errors="0" timestamp="2024-05-27T20:23:18 IST" skipped="0">
  <testcase classname="maven.SpiceJet.TestCase9_Handle_Multiple_Passenger" name="Check_details_link_searchresultpage" time="66.449"/>
  <system-out/>
</testsuite> <!-- maven.SpiceJet.TestCase9_Handle_Multiple_Passenger -->
