<?xml version="1.0" encoding="UTF-8"?>
<!-- Generated by org.testng.reporters.JUnitReportReporter -->
<testsuite hostname="Sarojpriya" failures="0" tests="1" name="maven.SpiceJet.TestCase15_Reach_Till_Payment_Select_CreditCard" time="152.375" errors="0" timestamp="2024-05-31T18:53:16 IST" skipped="0">
  <testcase classname="maven.SpiceJet.TestCase15_Reach_Till_Payment_Select_CreditCard" name="Reach_Till_Payment_Select_CreditCard_EnterDetails" time="152.375"/>
  <system-out/>
</testsuite> <!-- maven.SpiceJet.TestCase15_Reach_Till_Payment_Select_CreditCard -->
