<?xml version="1.0" encoding="UTF-8"?>
<!-- Generated by org.testng.reporters.JUnitReportReporter -->
<testsuite hostname="Sarojpriya" failures="0" tests="1" name="maven.SpiceJet.TestCase12_Login_Search_Logout" time="114.260" errors="0" timestamp="2024-06-03T12:32:47 IST" skipped="0">
  <testcase classname="maven.SpiceJet.TestCase12_Login_Search_Logout" name="Login_Search_flight_logout" time="114.260"/>
  <system-out/>
</testsuite> <!-- maven.SpiceJet.TestCase12_Login_Search_Logout -->
