<?xml version="1.0" encoding="UTF-8"?>
<!-- Generated by org.testng.reporters.JUnitReportReporter -->
<testsuite hostname="Sarojpriya" failures="0" tests="1" name="MavenProject.Maven001.SearchProduct_addPromocode" time="69.389" errors="0" timestamp="2024-06-17T15:38:22 IST" skipped="0">
  <testcase classname="MavenProject.Maven001.SearchProduct_addPromocode" name="searchproduct_addpromocode" time="69.389"/>
  <system-out/>
</testsuite> <!-- MavenProject.Maven001.SearchProduct_addPromocode -->
