<?xml version="1.0" encoding="UTF-8"?>
<!-- Generated by org.testng.reporters.JUnitReportReporter -->
<testsuite hostname="Sarojpriya" failures="0" tests="1" name="MavenProject.Maven001.TestCase1_Login_Sort_Logout" time="7.121" errors="0" timestamp="2024-05-15T08:48:24 IST" skipped="0">
  <testcase classname="MavenProject.Maven001.TestCase1_Login_Sort_Logout" name="login_to_amazon_till_cart" time="7.121"/>
</testsuite> <!-- MavenProject.Maven001.TestCase1_Login_Sort_Logout -->
