<?xml version="1.0" encoding="UTF-8"?>
<!-- Generated by org.testng.reporters.JUnitReportReporter -->
<testsuite hostname="Sarojpriya" failures="0" tests="1" name="MavenProject.Maven001.TestCase13_User_Apply_Cupon_Code" time="59.455" errors="0" timestamp="2024-06-07T22:08:35 IST" skipped="0">
  <testcase classname="MavenProject.Maven001.TestCase13_User_Apply_Cupon_Code" name="User_Apply_Cupon_Code" time="59.455"/>
  <system-out/>
</testsuite> <!-- MavenProject.Maven001.TestCase13_User_Apply_Cupon_Code -->
