<?xml version="1.0" encoding="UTF-8"?>
<!-- Generated by org.testng.reporters.JUnitReportReporter -->
<testsuite hostname="Sarojpriya" failures="0" tests="1" name="MavenProject.Maven001.TestCase7_ProductDetails_Price_Review_Description" time="88.285" errors="0" timestamp="2024-06-03T22:53:55 IST" skipped="0">
  <testcase classname="MavenProject.Maven001.TestCase7_ProductDetails_Price_Review_Description" name="Check_productdetails_price_review_description" time="88.285"/>
  <system-out/>
</testsuite> <!-- MavenProject.Maven001.TestCase7_ProductDetails_Price_Review_Description -->
