<?xml version="1.0" encoding="UTF-8"?>
<!-- Generated by org.testng.reporters.JUnitReportReporter -->
<testsuite hostname="Sarojpriya" failures="0" tests="1" name="MavenProject.Maven001.Testcase11_CheckoutProcess__AddressSelection_PaymentSelection" time="59.478" errors="0" timestamp="2024-06-07T20:51:40 IST" skipped="0">
  <testcase classname="MavenProject.Maven001.Testcase11_CheckoutProcess__AddressSelection_PaymentSelection" name="Login_search_cart_payment" time="59.478"/>
  <system-out/>
</testsuite> <!-- MavenProject.Maven001.Testcase11_CheckoutProcess__AddressSelection_PaymentSelection -->
