<?xml version="1.0" encoding="UTF-8"?>
<!-- Generated by org.testng.reporters.JUnitReportReporter -->
<testsuite hostname="Sarojpriya" failures="0" tests="1" name="MavenProject.Maven001.TestCase8_Product_Sorted_Relevance_price_Rating" time="85.063" errors="0" timestamp="2024-06-05T12:22:02 IST" skipped="0">
  <testcase classname="MavenProject.Maven001.TestCase8_Product_Sorted_Relevance_price_Rating" name="Product_sorted_relevance_price_rating" time="85.063"/>
  <system-out/>
</testsuite> <!-- MavenProject.Maven001.TestCase8_Product_Sorted_Relevance_price_Rating -->
