<?xml version="1.0" encoding="UTF-8"?>
<!-- Generated by org.testng.reporters.JUnitReportReporter -->
<testsuite hostname="Sarojpriya" failures="0" tests="1" name="MavenProject.Maven001.TestCase12_Count_TotalNumber_Item_Cart_SameCount_PayementPage_Different_PaymentMethod" time="45.903" errors="0" timestamp="2024-06-08T00:21:09 IST" skipped="0">
  <testcase classname="MavenProject.Maven001.TestCase12_Count_TotalNumber_Item_Cart_SameCount_PayementPage_Different_PaymentMethod" name="CountTotalNumber_CartItem_SameCount_paymentpage_choosedifferet_paymentmethod" time="45.903"/>
  <system-out/>
</testsuite> <!-- MavenProject.Maven001.TestCase12_Count_TotalNumber_Item_Cart_SameCount_PayementPage_Different_PaymentMethod -->
