<?xml version="1.0" encoding="UTF-8"?>
<!-- Generated by org.testng.reporters.JUnitReportReporter -->
<testsuite hostname="Sarojpriya" failures="0" tests="1" name="MavenProject.Maven001.TestCase10_Update_Item_Quantuties_Remove_Items" time="126.812" errors="0" timestamp="2024-06-06T08:42:33 IST" skipped="0">
  <testcase classname="MavenProject.Maven001.TestCase10_Update_Item_Quantuties_Remove_Items" name="Update_Items_Quantities_Remove_Items_cart" time="126.812"/>
  <system-out/>
</testsuite> <!-- MavenProject.Maven001.TestCase10_Update_Item_Quantuties_Remove_Items -->
