<?xml version="1.0" encoding="UTF-8"?>
<!-- Generated by org.testng.reporters.JUnitReportReporter -->
<testsuite hostname="Sarojpriya" failures="0" tests="1" name="MavenProject.Maven001.TestCase5_Search_Product_By_Name" time="24.584" errors="0" timestamp="2024-06-01T21:51:01 IST" skipped="0">
  <testcase classname="MavenProject.Maven001.TestCase5_Search_Product_By_Name" name="Search_Product_By_Name" time="24.584"/>
  <system-out/>
</testsuite> <!-- MavenProject.Maven001.TestCase5_Search_Product_By_Name -->
