<?xml version="1.0" encoding="UTF-8"?>
<!-- Generated by org.testng.reporters.JUnitReportReporter -->
<testsuite hostname="Sarojpriya" failures="0" tests="1" name="MavenProject.Maven001.TestCase9_Items_Added_Shopping_cart" time="65.254" errors="0" timestamp="2024-06-05T13:42:09 IST" skipped="0">
  <testcase classname="MavenProject.Maven001.TestCase9_Items_Added_Shopping_cart" name="Items_added_to_ShoppingCart_Productpage" time="65.254"/>
  <system-out/>
</testsuite> <!-- MavenProject.Maven001.TestCase9_Items_Added_Shopping_cart -->
