<?xml version="1.0" encoding="UTF-8"?>
<!-- Generated by org.testng.reporters.JUnitReportReporter -->
<testsuite hostname="Sarojpriya" failures="0" tests="1" name="MavenProject.Maven001.TestCase1_User_Registration" time="19.444" errors="0" timestamp="2024-06-16T23:56:29 IST" skipped="0">
  <testcase classname="MavenProject.Maven001.TestCase1_User_Registration" name="User_Registration" time="19.444"/>
  <system-out/>
</testsuite> <!-- MavenProject.Maven001.TestCase1_User_Registration -->
