<?xml version="1.0" encoding="UTF-8"?>
<!-- Generated by org.testng.reporters.JUnitReportReporter -->
<testsuite hostname="Sarojpriya" failures="0" tests="1" name="MavenProject.Maven001.TestCase6_Searching_WithFilter_Category_PriceRange" time="53.334" errors="0" timestamp="2024-06-01T22:31:57 IST" skipped="0">
  <testcase classname="MavenProject.Maven001.TestCase6_Searching_WithFilter_Category_PriceRange" name="Search_withfilter_category_PriceRange" time="53.334"/>
  <system-out/>
</testsuite> <!-- MavenProject.Maven001.TestCase6_Searching_WithFilter_Category_PriceRange -->
