<?xml version="1.0" encoding="UTF-8"?>
<!-- Generated by org.testng.reporters.JUnitReportReporter -->
<testsuite hostname="Sarojpriya" failures="0" tests="1" name="MavenProject.Maven001.Testcase_Login_To_Payments" time="54.368" errors="0" timestamp="2024-06-07T01:31:17 IST" skipped="0">
  <testcase classname="MavenProject.Maven001.Testcase_Login_To_Payments" name="Login_search_cart_payment" time="54.368"/>
  <system-out/>
</testsuite> <!-- MavenProject.Maven001.Testcase_Login_To_Payments -->
