<?xml version="1.0" encoding="UTF-8"?>
<!-- Generated by org.testng.reporters.JUnitReportReporter -->
<testsuite hostname="Sarojpriya" failures="0" tests="3" name="MavenProject.Maven001.TestCase_Login_to_Cart" time="501.705" errors="0" timestamp="2024-06-15T19:00:18 IST" skipped="0">
  <testcase classname="MavenProject.Maven001.TestCase_Login_to_Cart" name="login_to_amazon_till_cart" time="164.191"/>
  <system-out/>
  <testcase classname="MavenProject.Maven001.TestCase_Login_to_Cart" name="login_to_amazon_till_cart" time="167.494"/>
  <system-out/>
  <testcase classname="MavenProject.Maven001.TestCase_Login_to_Cart" name="login_to_amazon_till_cart" time="170.020"/>
  <system-out/>
</testsuite> <!-- MavenProject.Maven001.TestCase_Login_to_Cart -->
