<?xml version="1.0" encoding="UTF-8"?>
<!-- Generated by org.testng.reporters.JUnitReportReporter -->
<testsuite hostname="Sarojpriya" failures="0" tests="1" name="MavenProject.Maven001.TestCase14_OrderPage_Click_last_Order_Rate5Star" time="50.151" errors="0" timestamp="2024-06-06T01:06:44 IST" skipped="0">
  <testcase classname="MavenProject.Maven001.TestCase14_OrderPage_Click_last_Order_Rate5Star" name="Orderpage_Give_5Star_Rating" time="50.151"/>
  <system-out/>
</testsuite> <!-- MavenProject.Maven001.TestCase14_OrderPage_Click_last_Order_Rate5Star -->
