<?xml version="1.0" encoding="UTF-8"?>
<!-- Generated by org.testng.reporters.JUnitReportReporter -->
<testsuite hostname="Sarojpriya" failures="0" tests="1" name="MavenProject.Maven001.TestCase15_Reach_Cart_Without_Login" time="60.702" errors="0" timestamp="2024-06-06T00:19:17 IST" skipped="0">
  <testcase classname="MavenProject.Maven001.TestCase15_Reach_Cart_Without_Login" name="Reach_Cart_Without_Login" time="60.702"/>
  <system-out/>
</testsuite> <!-- MavenProject.Maven001.TestCase15_Reach_Cart_Without_Login -->
